<?xml version="1.0" encoding="UTF-8"?>
<robot generator="Robot 7.0 (Python 3.11.7 on win32)" generated="2024-05-10T20:49:37.187699" rpa="false" schemaversion="5">
<suite id="s1" name="PageObect" source="C:\paravendue\Tests\PageObect.robot">
<test id="s1-t1" name="Déposeé une annonce" line="42">
<kw name="openpage" owner="commun">
<kw name="Open Browser" owner="SeleniumLibrary">
<msg time="2024-05-10T20:49:37.754346" level="INFO">Opening browser 'Chrome' to base url 'https://www.paruvendu.fr/'.</msg>
<arg>${url}</arg>
<arg>${browser}</arg>
<doc>Opens a new browser instance to the optional ``url``.</doc>
<status status="PASS" start="2024-05-10T20:49:37.754346" elapsed="31.951295"/>
</kw>
<kw name="Maximize Browser Window" owner="SeleniumLibrary">
<doc>Maximizes current browser window.</doc>
<status status="PASS" start="2024-05-10T20:50:09.705641" elapsed="0.462326"/>
</kw>
<kw name="Wait Until Element Is Visible" owner="SeleniumLibrary">
<arg>${accepter}</arg>
<doc>Waits until the element ``locator`` is visible.</doc>
<status status="PASS" start="2024-05-10T20:50:10.167967" elapsed="1.508878"/>
</kw>
<kw name="Click Element" owner="SeleniumLibrary">
<msg time="2024-05-10T20:50:11.676845" level="INFO">Clicking element 'Xpath://*[@id="step1"]/div[3]/button[2]'.</msg>
<arg>${accepter}</arg>
<doc>Click the element identified by ``locator``.</doc>
<status status="PASS" start="2024-05-10T20:50:11.676845" elapsed="3.398929"/>
</kw>
<status status="PASS" start="2024-05-10T20:49:37.754346" elapsed="37.328299"/>
</kw>
<kw name="Depot-Annonce" owner="annonce">
<kw name="Execute Javascript" owner="SeleniumLibrary">
<msg time="2024-05-10T20:50:15.091245" level="INFO">Executing JavaScript:
document.querySelector("a[title='Déposez vos annonces gratuites']").click()
Without any arguments.</msg>
<arg>document.querySelector("a[title='Déposez vos annonces gratuites']").click()</arg>
<doc>Executes the given JavaScript code with possible arguments.</doc>
<status status="PASS" start="2024-05-10T20:50:15.091245" elapsed="14.548133"/>
</kw>
<kw name="Wait Until Element Is Visible" owner="SeleniumLibrary">
<arg>${categ}</arg>
<arg>timeout=20</arg>
<doc>Waits until the element ``locator`` is visible.</doc>
<status status="PASS" start="2024-05-10T20:50:29.639378" elapsed="0.332525"/>
</kw>
<kw name="Click Element" owner="SeleniumLibrary">
<msg time="2024-05-10T20:50:29.973300" level="INFO">Clicking element '//*[text()="Choisissez une catégorie"]'.</msg>
<arg>${categ}</arg>
<doc>Click the element identified by ``locator``.</doc>
<status status="PASS" start="2024-05-10T20:50:29.973300" elapsed="2.524848"/>
</kw>
<kw name="Wait Until Element Is Visible" owner="SeleniumLibrary">
<arg>//*[@id='chaines']//*[text()="AUTO-MOTO-BATEAU"]</arg>
<doc>Waits until the element ``locator`` is visible.</doc>
<status status="PASS" start="2024-05-10T20:50:32.498148" elapsed="0.041182"/>
</kw>
<kw name="Click Element" owner="SeleniumLibrary">
<msg time="2024-05-10T20:50:32.539330" level="INFO">Clicking element '//*[@id='chaines']//*[text()="AUTO-MOTO-BATEAU"]'.</msg>
<arg>//*[@id='chaines']//*[text()="AUTO-MOTO-BATEAU"]</arg>
<doc>Click the element identified by ``locator``.</doc>
<status status="PASS" start="2024-05-10T20:50:32.539330" elapsed="0.378808"/>
</kw>
<kw name="Wait Until Element Is Visible" owner="SeleniumLibrary">
<arg>//*[@id='V']//*[text()="Voiture d'occasion"]</arg>
<doc>Waits until the element ``locator`` is visible.</doc>
<status status="PASS" start="2024-05-10T20:50:32.918646" elapsed="0.036771"/>
</kw>
<kw name="Click Element" owner="SeleniumLibrary">
<msg time="2024-05-10T20:50:32.955417" level="INFO">Clicking element '//*[@id='V']//*[text()="Voiture d'occasion"]'.</msg>
<arg>//*[@id='V']//*[text()="Voiture d'occasion"]</arg>
<doc>Click the element identified by ``locator``.</doc>
<status status="PASS" start="2024-05-10T20:50:32.955417" elapsed="48.319785"/>
</kw>
<kw name="Select From List By Index" owner="SeleniumLibrary">
<msg time="2024-05-10T20:51:21.275202" level="INFO">Selecting options from selection list '//*[@id="choixFamille"]' by index 0.</msg>
<arg>//*[@id="choixFamille"]</arg>
<arg>0</arg>
<doc>Selects options from selection list ``locator`` by ``indexes``.</doc>
<status status="PASS" start="2024-05-10T20:51:21.275202" elapsed="2.066467"/>
</kw>
<kw name="Select Radio Button" owner="SeleniumLibrary">
<msg time="2024-05-10T20:51:23.341669" level="INFO">Selecting '0' from radio button 'company_ad'.</msg>
<arg>company_ad</arg>
<arg>0</arg>
<doc>Sets the radio button group ``group_name`` to ``value``.</doc>
<status status="PASS" start="2024-05-10T20:51:23.341669" elapsed="0.050212"/>
</kw>
<kw name="Select Radio Button" owner="SeleniumLibrary">
<msg time="2024-05-10T20:51:23.391881" level="INFO">Selecting 'manuelle' from radio button 'radTypeSaisie'.</msg>
<arg>radTypeSaisie</arg>
<arg>manuelle</arg>
<doc>Sets the radio button group ``group_name`` to ``value``.</doc>
<status status="PASS" start="2024-05-10T20:51:23.391881" elapsed="3.116411"/>
</kw>
<kw name="Select From List By Index" owner="SeleniumLibrary">
<msg time="2024-05-10T20:51:26.508292" level="INFO">Selecting options from selection list 'typeVehicule' by index 1.</msg>
<arg>typeVehicule</arg>
<arg>1</arg>
<doc>Selects options from selection list ``locator`` by ``indexes``.</doc>
<status status="PASS" start="2024-05-10T20:51:26.508292" elapsed="2.005925"/>
</kw>
<kw name="Select From List By Index" owner="SeleniumLibrary">
<msg time="2024-05-10T20:51:28.521942" level="INFO">Selecting options from selection list 'marque' by index 6.</msg>
<arg>marque</arg>
<arg>6</arg>
<doc>Selects options from selection list ``locator`` by ``indexes``.</doc>
<status status="PASS" start="2024-05-10T20:51:28.521942" elapsed="0.401222"/>
</kw>
<kw name="Wait Until Element Is Enabled" owner="SeleniumLibrary">
<arg>id=modele</arg>
<doc>Waits until the element ``locator`` is enabled.</doc>
<status status="PASS" start="2024-05-10T20:51:28.923164" elapsed="0.049800"/>
</kw>
<kw name="Scroll Element Into View" owner="SeleniumLibrary">
<arg>modele</arg>
<doc>Scrolls the element identified by ``locator`` into view.</doc>
<status status="PASS" start="2024-05-10T20:51:28.972964" elapsed="1.033002"/>
</kw>
<kw name="Select From List By Index" owner="SeleniumLibrary">
<msg time="2024-05-10T20:51:30.005966" level="INFO">Selecting options from selection list 'modele' by index 1.</msg>
<msg time="2024-05-10T20:51:40.220242" level="INFO" html="true">&lt;/td&gt;&lt;/tr&gt;&lt;tr&gt;&lt;td colspan="3"&gt;&lt;a href="selenium-screenshot-184.png"&gt;&lt;img src="selenium-screenshot-184.png" width="800px"&gt;&lt;/a&gt;</msg>
<msg time="2024-05-10T20:51:40.235295" level="FAIL">NoSuchElementException: Message: Could not locate element with index 1; For documentation on this error, please visit: https://www.selenium.dev/documentation/webdriver/troubleshooting/errors#no-such-element-exception
</msg>
<arg>modele</arg>
<arg>1</arg>
<doc>Selects options from selection list ``locator`` by ``indexes``.</doc>
<status status="FAIL" start="2024-05-10T20:51:30.005966" elapsed="10.313807">NoSuchElementException: Message: Could not locate element with index 1; For documentation on this error, please visit: https://www.selenium.dev/documentation/webdriver/troubleshooting/errors#no-such-element-exception
</status>
</kw>
<kw name="Wait Until Element Is Enabled" owner="SeleniumLibrary">
<arg>id=mois</arg>
<doc>Waits until the element ``locator`` is enabled.</doc>
<status status="NOT RUN" start="2024-05-10T20:51:40.319773" elapsed="0.000000"/>
</kw>
<kw name="Scroll Element Into View" owner="SeleniumLibrary">
<arg>mois</arg>
<doc>Scrolls the element identified by ``locator`` into view.</doc>
<status status="NOT RUN" start="2024-05-10T20:51:40.319773" elapsed="0.000000"/>
</kw>
<kw name="Select From List By Index" owner="SeleniumLibrary">
<arg>mois</arg>
<arg>3</arg>
<doc>Selects options from selection list ``locator`` by ``indexes``.</doc>
<status status="NOT RUN" start="2024-05-10T20:51:40.319773" elapsed="0.000000"/>
</kw>
<kw name="Wait Until Element Is Visible" owner="SeleniumLibrary">
<arg>id=annee</arg>
<doc>Waits until the element ``locator`` is visible.</doc>
<status status="NOT RUN" start="2024-05-10T20:51:40.319773" elapsed="0.000000"/>
</kw>
<kw name="Scroll Element Into View" owner="SeleniumLibrary">
<arg>annee</arg>
<doc>Scrolls the element identified by ``locator`` into view.</doc>
<status status="NOT RUN" start="2024-05-10T20:51:40.319773" elapsed="0.000000"/>
</kw>
<kw name="Select From List By Value" owner="SeleniumLibrary">
<arg>id=annee</arg>
<arg>annee_2022</arg>
<doc>Selects options from selection list ``locator`` by ``values``.</doc>
<status status="NOT RUN" start="2024-05-10T20:51:40.319773" elapsed="0.000000"/>
</kw>
<kw name="Wait Until Element Is Enabled" owner="SeleniumLibrary">
<arg>id=type</arg>
<doc>Waits until the element ``locator`` is enabled.</doc>
<status status="NOT RUN" start="2024-05-10T20:51:40.319773" elapsed="0.000000"/>
</kw>
<kw name="Scroll Element Into View" owner="SeleniumLibrary">
<arg>type</arg>
<doc>Scrolls the element identified by ``locator`` into view.</doc>
<status status="NOT RUN" start="2024-05-10T20:51:40.319773" elapsed="0.000000"/>
</kw>
<kw name="Select From List By Index" owner="SeleniumLibrary">
<arg>type</arg>
<arg>1</arg>
<doc>Selects options from selection list ``locator`` by ``indexes``.</doc>
<status status="NOT RUN" start="2024-05-10T20:51:40.319773" elapsed="0.000000"/>
</kw>
<kw name="Wait Until Element Is Enabled" owner="SeleniumLibrary">
<arg>id=energie</arg>
<doc>Waits until the element ``locator`` is enabled.</doc>
<status status="NOT RUN" start="2024-05-10T20:51:40.335284" elapsed="0.001244"/>
</kw>
<kw name="Scroll Element Into View" owner="SeleniumLibrary">
<arg>energie</arg>
<doc>Scrolls the element identified by ``locator`` into view.</doc>
<status status="NOT RUN" start="2024-05-10T20:51:40.336528" elapsed="0.000000"/>
</kw>
<kw name="Select From List By Index" owner="SeleniumLibrary">
<arg>energie</arg>
<arg>1</arg>
<doc>Selects options from selection list ``locator`` by ``indexes``.</doc>
<status status="NOT RUN" start="2024-05-10T20:51:40.336528" elapsed="0.000000"/>
</kw>
<kw name="Wait Until Element Is Enabled" owner="SeleniumLibrary">
<arg>id=typeTransmission</arg>
<doc>Waits until the element ``locator`` is enabled.</doc>
<status status="NOT RUN" start="2024-05-10T20:51:40.336528" elapsed="0.000000"/>
</kw>
<kw name="Scroll Element Into View" owner="SeleniumLibrary">
<arg>typeTransmission</arg>
<doc>Scrolls the element identified by ``locator`` into view.</doc>
<status status="NOT RUN" start="2024-05-10T20:51:40.336528" elapsed="0.000000"/>
</kw>
<kw name="Select From List By Index" owner="SeleniumLibrary">
<arg>typeTransmission</arg>
<arg>1</arg>
<doc>Selects options from selection list ``locator`` by ``indexes``.</doc>
<status status="NOT RUN" start="2024-05-10T20:51:40.336528" elapsed="0.000000"/>
</kw>
<kw name="Wait Until Element Is Enabled" owner="SeleniumLibrary">
<arg>id=nombrePortes</arg>
<doc>Waits until the element ``locator`` is enabled.</doc>
<status status="NOT RUN" start="2024-05-10T20:51:40.336528" elapsed="0.000000"/>
</kw>
<kw name="Scroll Element Into View" owner="SeleniumLibrary">
<arg>nombrePortes</arg>
<doc>Scrolls the element identified by ``locator`` into view.</doc>
<status status="NOT RUN" start="2024-05-10T20:51:40.336528" elapsed="0.000000"/>
</kw>
<kw name="Select From List By Index" owner="SeleniumLibrary">
<arg>nombrePortes</arg>
<arg>1</arg>
<doc>Selects options from selection list ``locator`` by ``indexes``.</doc>
<status status="NOT RUN" start="2024-05-10T20:51:40.336528" elapsed="0.000000"/>
</kw>
<kw name="Wait Until Element Is Enabled" owner="SeleniumLibrary">
<arg>id=version</arg>
<doc>Waits until the element ``locator`` is enabled.</doc>
<status status="NOT RUN" start="2024-05-10T20:51:40.336528" elapsed="0.000000"/>
</kw>
<kw name="Scroll Element Into View" owner="SeleniumLibrary">
<arg>version</arg>
<doc>Scrolls the element identified by ``locator`` into view.</doc>
<status status="NOT RUN" start="2024-05-10T20:51:40.336528" elapsed="0.000000"/>
</kw>
<kw name="Select From List By Index" owner="SeleniumLibrary">
<arg>version</arg>
<arg>1</arg>
<doc>Selects options from selection list ``locator`` by ``indexes``.</doc>
<status status="NOT RUN" start="2024-05-10T20:51:40.336528" elapsed="0.000000"/>
</kw>
<kw name="Wait Until Element Is Visible" owner="SeleniumLibrary">
<arg>id=kilometrage</arg>
<doc>Waits until the element ``locator`` is visible.</doc>
<status status="NOT RUN" start="2024-05-10T20:51:40.336528" elapsed="0.000000"/>
</kw>
<kw name="Scroll Element Into View" owner="SeleniumLibrary">
<arg>kilometrage</arg>
<doc>Scrolls the element identified by ``locator`` into view.</doc>
<status status="NOT RUN" start="2024-05-10T20:51:40.336528" elapsed="0.000000"/>
</kw>
<kw name="Input Text" owner="SeleniumLibrary">
<arg>id=kilometrage</arg>
<arg>210</arg>
<doc>Types the given ``text`` into the text field identified by ``locator``.</doc>
<status status="NOT RUN" start="2024-05-10T20:51:40.336528" elapsed="0.000000"/>
</kw>
<kw name="Wait Until Element Is Visible" owner="SeleniumLibrary">
<arg>id=enrichi-7800001_140</arg>
<doc>Waits until the element ``locator`` is visible.</doc>
<status status="NOT RUN" start="2024-05-10T20:51:40.336528" elapsed="0.000000"/>
</kw>
<kw name="Scroll Element Into View" owner="SeleniumLibrary">
<arg>enrichi-7800001_140</arg>
<doc>Scrolls the element identified by ``locator`` into view.</doc>
<status status="NOT RUN" start="2024-05-10T20:51:40.336528" elapsed="0.000000"/>
</kw>
<kw name="Input Text" owner="SeleniumLibrary">
<arg>id=enrichi-7800001_140</arg>
<arg>5</arg>
<doc>Types the given ``text`` into the text field identified by ``locator``.</doc>
<status status="NOT RUN" start="2024-05-10T20:51:40.336528" elapsed="0.000000"/>
</kw>
<kw name="Input Text" owner="SeleniumLibrary">
<arg>id=enrichi-7800001_150</arg>
<arg>3</arg>
<doc>Types the given ``text`` into the text field identified by ``locator``.</doc>
<status status="NOT RUN" start="2024-05-10T20:51:40.336528" elapsed="0.000000"/>
</kw>
<kw name="Input Text" owner="SeleniumLibrary">
<arg>id=enrichi-7800001_160</arg>
<arg>60</arg>
<doc>Types the given ``text`` into the text field identified by ``locator``.</doc>
<status status="NOT RUN" start="2024-05-10T20:51:40.336528" elapsed="0.000000"/>
</kw>
<kw name="Input Text" owner="SeleniumLibrary">
<arg>id=enrichi-7800001_170</arg>
<arg>5l/100</arg>
<doc>Types the given ``text`` into the text field identified by ``locator``.</doc>
<status status="NOT RUN" start="2024-05-10T20:51:40.336528" elapsed="0.000000"/>
</kw>
<kw name="Select From List By Index" owner="SeleniumLibrary">
<arg>enrichi-7800001_190</arg>
<arg>1</arg>
<doc>Selects options from selection list ``locator`` by ``indexes``.</doc>
<status status="NOT RUN" start="2024-05-10T20:51:40.336528" elapsed="0.000000"/>
</kw>
<kw name="Wait Until Element Is Visible" owner="SeleniumLibrary">
<arg>//*[contains(@class, 'multicheck')]//*[@id="bloc_enrichi-7800001_60_1"]</arg>
<doc>Waits until the element ``locator`` is visible.</doc>
<status status="NOT RUN" start="2024-05-10T20:51:40.336528" elapsed="0.000000"/>
</kw>
<kw name="Scroll Element Into View" owner="SeleniumLibrary">
<arg>//*[contains(@class, 'multicheck')]//*[@id="bloc_enrichi-7800001_60_1"]</arg>
<doc>Scrolls the element identified by ``locator`` into view.</doc>
<status status="NOT RUN" start="2024-05-10T20:51:40.336528" elapsed="0.000000"/>
</kw>
<kw name="Click Element" owner="SeleniumLibrary">
<arg>//*[contains(@class, 'multicheck')]//*[@id="bloc_enrichi-7800001_60_1"]</arg>
<doc>Click the element identified by ``locator``.</doc>
<status status="NOT RUN" start="2024-05-10T20:51:40.336528" elapsed="0.000000"/>
</kw>
<kw name="Wait Until Element Is Enabled" owner="SeleniumLibrary">
<arg>id=nbrSemainesPublication</arg>
<doc>Waits until the element ``locator`` is enabled.</doc>
<status status="NOT RUN" start="2024-05-10T20:51:40.336528" elapsed="0.000000"/>
</kw>
<kw name="Scroll Element Into View" owner="SeleniumLibrary">
<arg>nbrSemainesPublication</arg>
<doc>Scrolls the element identified by ``locator`` into view.</doc>
<status status="NOT RUN" start="2024-05-10T20:51:40.352856" elapsed="0.000000"/>
</kw>
<kw name="Select From List By Index" owner="SeleniumLibrary">
<arg>nbrSemainesPublication</arg>
<arg>1</arg>
<doc>Selects options from selection list ``locator`` by ``indexes``.</doc>
<status status="NOT RUN" start="2024-05-10T20:51:40.352856" elapsed="0.000000"/>
</kw>
<kw name="Wait Until Element Is Enabled" owner="SeleniumLibrary">
<arg>id=prix</arg>
<doc>Waits until the element ``locator`` is enabled.</doc>
<status status="NOT RUN" start="2024-05-10T20:51:40.352856" elapsed="0.000000"/>
</kw>
<kw name="Scroll Element Into View" owner="SeleniumLibrary">
<arg>prix</arg>
<doc>Scrolls the element identified by ``locator`` into view.</doc>
<status status="NOT RUN" start="2024-05-10T20:51:40.352856" elapsed="0.000000"/>
</kw>
<kw name="Input Text" owner="SeleniumLibrary">
<arg>id=prix</arg>
<arg>5000 euro</arg>
<doc>Types the given ``text`` into the text field identified by ``locator``.</doc>
<status status="NOT RUN" start="2024-05-10T20:51:40.352856" elapsed="0.000000"/>
</kw>
<kw name="Wait Until Element Is Visible" owner="SeleniumLibrary">
<arg>//*[@id="fldPrix"]//*[contains(@class, "check")]//*[contains(@class, "coche")]</arg>
<arg>timeout=20</arg>
<doc>Waits until the element ``locator`` is visible.</doc>
<status status="NOT RUN" start="2024-05-10T20:51:40.352856" elapsed="0.000000"/>
</kw>
<kw name="Scroll Element Into View" owner="SeleniumLibrary">
<arg>//*[@id="fldPrix"]//*[contains(@class, "check")]//*[contains(@class, "coche")]</arg>
<doc>Scrolls the element identified by ``locator`` into view.</doc>
<status status="NOT RUN" start="2024-05-10T20:51:40.352856" elapsed="0.000000"/>
</kw>
<kw name="Click Element" owner="SeleniumLibrary">
<arg>//*[@id="fldPrix"]//*[contains(@class, "check")]//*[contains(@class, "coche")]</arg>
<doc>Click the element identified by ``locator``.</doc>
<status status="NOT RUN" start="2024-05-10T20:51:40.352856" elapsed="0.000000"/>
</kw>
<kw name="Wait Until Element Is Enabled" owner="SeleniumLibrary">
<arg>//*[@id="bloc_flagPaiement"]//*[contains(@class, "coche")]</arg>
<doc>Waits until the element ``locator`` is enabled.</doc>
<status status="NOT RUN" start="2024-05-10T20:51:40.352856" elapsed="0.000000"/>
</kw>
<kw name="Scroll Element Into View" owner="SeleniumLibrary">
<arg>//*[@id="bloc_flagPaiement"]//*[contains(@class, "coche")]</arg>
<doc>Scrolls the element identified by ``locator`` into view.</doc>
<status status="NOT RUN" start="2024-05-10T20:51:40.352856" elapsed="0.000000"/>
</kw>
<kw name="Click Element" owner="SeleniumLibrary">
<arg>//*[@id="bloc_flagPaiement"]//*[contains(@class, "coche")]</arg>
<doc>Click the element identified by ``locator``.</doc>
<status status="NOT RUN" start="2024-05-10T20:51:40.352856" elapsed="0.000000"/>
</kw>
<kw name="Wait Until Element Is Visible" owner="SeleniumLibrary">
<arg>codePays</arg>
<doc>Waits until the element ``locator`` is visible.</doc>
<status status="NOT RUN" start="2024-05-10T20:51:40.352856" elapsed="0.000000"/>
</kw>
<kw name="Scroll Element Into View" owner="SeleniumLibrary">
<arg>codePays</arg>
<doc>Scrolls the element identified by ``locator`` into view.</doc>
<status status="NOT RUN" start="2024-05-10T20:51:40.352856" elapsed="0.000000"/>
</kw>
<kw name="Select From List By Index" owner="SeleniumLibrary">
<arg>codePays</arg>
<arg>1</arg>
<doc>Selects options from selection list ``locator`` by ``indexes``.</doc>
<status status="NOT RUN" start="2024-05-10T20:51:40.352856" elapsed="0.000000"/>
</kw>
<kw name="Wait Until Element Is Visible" owner="SeleniumLibrary">
<arg>//*[@id="imgUpload-dropdiv"]/div</arg>
<doc>Waits until the element ``locator`` is visible.</doc>
<status status="NOT RUN" start="2024-05-10T20:51:40.352856" elapsed="0.000000"/>
</kw>
<kw name="Scroll Element Into View" owner="SeleniumLibrary">
<arg>//*[@id="imgUpload-dropdiv"]/div</arg>
<doc>Scrolls the element identified by ``locator`` into view.</doc>
<status status="NOT RUN" start="2024-05-10T20:51:40.352856" elapsed="0.000000"/>
</kw>
<kw name="Click Element" owner="SeleniumLibrary">
<arg>xpath='//*[@id="imgUpload-dropdiv"]/div'</arg>
<doc>Click the element identified by ``locator``.</doc>
<status status="NOT RUN" start="2024-05-10T20:51:40.352856" elapsed="0.000000"/>
</kw>
<kw name="Wait Until Element Is Visible" owner="SeleniumLibrary">
<arg>//a[href="javascript:$.fancybox.close();"]</arg>
<doc>Waits until the element ``locator`` is visible.</doc>
<status status="NOT RUN" start="2024-05-10T20:51:40.352856" elapsed="0.000000"/>
</kw>
<kw name="Scroll Element Into View" owner="SeleniumLibrary">
<arg>//a[href="javascript:$.fancybox.close();"]</arg>
<doc>Scrolls the element identified by ``locator`` into view.</doc>
<status status="NOT RUN" start="2024-05-10T20:51:40.352856" elapsed="0.000000"/>
</kw>
<kw name="Click Element" owner="SeleniumLibrary">
<arg>//a[href="javascript:$.fancybox.close();"]</arg>
<doc>Click the element identified by ``locator``.</doc>
<status status="NOT RUN" start="2024-05-10T20:51:40.352856" elapsed="0.000000"/>
</kw>
<kw name="Execute Javascript" owner="SeleniumLibrary">
<arg>document.querySelector("a[id='suivant1']").click()</arg>
<doc>Executes the given JavaScript code with possible arguments.</doc>
<status status="NOT RUN" start="2024-05-10T20:51:40.352856" elapsed="0.000000"/>
</kw>
<status status="FAIL" start="2024-05-10T20:50:15.091245" elapsed="85.261611">NoSuchElementException: Message: Could not locate element with index 1; For documentation on this error, please visit: https://www.selenium.dev/documentation/webdriver/troubleshooting/errors#no-such-element-exception
</status>
</kw>
<kw name="Close Browser" owner="SeleniumLibrary">
<doc>Closes the current browser.</doc>
<status status="NOT RUN" start="2024-05-10T20:51:40.352856" elapsed="0.000000"/>
</kw>
<doc>déposée une nouvelle annonce</doc>
<tag>DNA</tag>
<status status="FAIL" start="2024-05-10T20:49:37.754346" elapsed="122.598510">NoSuchElementException: Message: Could not locate element with index 1; For documentation on this error, please visit: https://www.selenium.dev/documentation/webdriver/troubleshooting/errors#no-such-element-exception
</status>
</test>
<status status="FAIL" start="2024-05-10T20:49:37.187699" elapsed="123.180956"/>
</suite>
<statistics>
<total>
<stat pass="0" fail="1" skip="0">All Tests</stat>
</total>
<tag>
<stat pass="0" fail="1" skip="0">DNA</stat>
</tag>
<suite>
<stat pass="0" fail="1" skip="0" id="s1" name="PageObect">PageObect</stat>
</suite>
</statistics>
<errors>
</errors>
</robot>
